e:\fundamentals of programming\assignment 1c\task1c - snake game - skeleton_18-19\debug\vc141.pdb
e:\fundamentals of programming\assignment 1c\task1c - snake game - skeleton_18-19\debug\vc141.idb
e:\fundamentals of programming\assignment 1c\task1c - snake game - skeleton_18-19\debug\consoleutils.obj
e:\fundamentals of programming\assignment 1c\task1c - snake game - skeleton_18-19\debug\fop_task1c_skeleton.obj
e:\fundamentals of programming\assignment 1c\task1c - snake game - skeleton_18-19\debug\randomutils.obj
e:\fundamentals of programming\assignment 1c\task1c - snake game - skeleton_18-19\debug\timeutils.obj
e:\fundamentals of programming\assignment 1c\task1c - snake game - skeleton_18-19\debug\fop_task1c_project.pdb
e:\fundamentals of programming\assignment 1c\task1c - snake game - skeleton_18-19\debug\fop_task.ce77d789.tlog\cl.read.1.tlog
e:\fundamentals of programming\assignment 1c\task1c - snake game - skeleton_18-19\debug\fop_task.ce77d789.tlog\cl.write.1.tlog
e:\fundamentals of programming\assignment 1c\task1c - snake game - skeleton_18-19\debug\fop_task.ce77d789.tlog\cl.command.1.tlog
e:\fundamentals of programming\assignment 1c\task1c - snake game - skeleton_18-19\debug\fop_task.ce77d789.tlog\link.read.1.tlog
e:\fundamentals of programming\assignment 1c\task1c - snake game - skeleton_18-19\debug\fop_task.ce77d789.tlog\link.write.1.tlog
e:\fundamentals of programming\assignment 1c\task1c - snake game - skeleton_18-19\debug\fop_task.ce77d789.tlog\link.command.1.tlog
e:\fundamentals of programming\assignment 1c\task1c - snake game - skeleton_18-19\debug\fop_task.ce77d789.tlog\link.8436-rc.read.1.tlog
e:\fundamentals of programming\assignment 1c\task1c - snake game - skeleton_18-19\debug\fop_task.ce77d789.tlog\link.8436-rc.write.1.tlog
e:\fundamentals of programming\assignment 1c\task1c - snake game - skeleton_18-19\debug\fop_task.ce77d789.tlog\link.8436-cvtres.read.1.tlog
e:\fundamentals of programming\assignment 1c\task1c - snake game - skeleton_18-19\debug\fop_task.ce77d789.tlog\link.8436-cvtres.write.1.tlog
e:\fundamentals of programming\assignment 1c\task1c - snake game - skeleton_18-19\debug\fop_task.ce77d789.tlog\link.8436.read.1.tlog
e:\fundamentals of programming\assignment 1c\task1c - snake game - skeleton_18-19\debug\fop_task.ce77d789.tlog\link.8436.write.1.tlog
e:\fundamentals of programming\assignment 1c\task1c - snake game - skeleton_18-19\debug\fop_task.ce77d789.tlog\link-rc.read.1.tlog
e:\fundamentals of programming\assignment 1c\task1c - snake game - skeleton_18-19\debug\fop_task.ce77d789.tlog\link-rc.write.1.tlog
e:\fundamentals of programming\assignment 1c\task1c - snake game - skeleton_18-19\debug\fop_task.ce77d789.tlog\link-cvtres.read.1.tlog
e:\fundamentals of programming\assignment 1c\task1c - snake game - skeleton_18-19\debug\fop_task.ce77d789.tlog\link-cvtres.write.1.tlog
